<?xml version="1.0" encoding="UTF-8"?>
<testsuite name="octadevtn.sessionmanager.ExampleUnitTest" tests="1" skipped="0" failures="0" errors="0" timestamp="2018-06-25T14:53:41" hostname="medchiheb-HP-Pavilion-15-Notebook-PC" time="0.002">
  <properties/>
  <testcase name="addition_isCorrect" classname="octadevtn.sessionmanager.ExampleUnitTest" time="0.002"/>
  <system-out><![CDATA[]]></system-out>
  <system-err><![CDATA[]]></system-err>
</testsuite>
